12/7/2025, 11:09:27 PM GMT+5:30 0: 

----------------------------------------------
12/7/2025, 11:09:27 PM GMT+5:30 1: Discord starting: {"releaseChannel":"stable","version":"0.0.115"}, modulepath: /home/daman/.config/discord/0.0.115/modules
12/7/2025, 11:09:27 PM GMT+5:30 2: ✅ webContents.created web1 ""
12/7/2025, 11:09:27 PM GMT+5:30 3: ✅ window.created win1 "discord"
12/7/2025, 11:09:27 PM GMT+5:30 4: ✅ webContents.did-finish-load web1
12/7/2025, 11:09:39 PM GMT+5:30 5: before-quit
12/7/2025, 11:09:39 PM GMT+5:30 6: window.close win1
12/7/2025, 11:09:48 PM GMT+5:30 0: 

----------------------------------------------
12/7/2025, 11:09:48 PM GMT+5:30 1: Discord starting: {"releaseChannel":"stable","version":"0.0.115"}, modulepath: /home/daman/.config/discord/0.0.115/modules
12/7/2025, 11:09:48 PM GMT+5:30 2: ✅ webContents.created web1 ""
12/7/2025, 11:09:48 PM GMT+5:30 3: ✅ window.created win1 "discord"
12/7/2025, 11:09:49 PM GMT+5:30 4: ✅ webContents.did-finish-load web1
12/7/2025, 11:09:54 PM GMT+5:30 5: before-quit
12/7/2025, 11:09:54 PM GMT+5:30 6: window.close win1
12/9/2025, 5:16:34 PM GMT+5:30 0: 

----------------------------------------------
12/9/2025, 5:16:34 PM GMT+5:30 1: Discord starting: {"releaseChannel":"stable","version":"0.0.115"}, modulepath: /home/daman/.config/discord/0.0.115/modules
12/9/2025, 5:16:34 PM GMT+5:30 2: ✅ webContents.created web1 ""
12/9/2025, 5:16:34 PM GMT+5:30 3: ✅ window.created win1 "discord"
12/9/2025, 5:16:34 PM GMT+5:30 4: ✅ webContents.did-finish-load web1
12/9/2025, 5:16:37 PM GMT+5:30 5: window.close win1
12/9/2025, 5:16:37 PM GMT+5:30 6: webContents.destroyed web1
12/10/2025, 9:38:34 AM GMT+5:30 0: 

----------------------------------------------
12/10/2025, 9:38:34 AM GMT+5:30 1: Discord starting: {"releaseChannel":"stable","version":"0.0.115"}, modulepath: /home/daman/.config/discord/0.0.115/modules
12/10/2025, 9:38:34 AM GMT+5:30 2: ✅ webContents.created web1 ""
12/10/2025, 9:38:34 AM GMT+5:30 3: ✅ window.created win1 "discord"
12/10/2025, 9:38:35 AM GMT+5:30 4: ✅ webContents.did-finish-load web1
12/10/2025, 9:38:41 AM GMT+5:30 5: window.close win1
12/10/2025, 9:38:41 AM GMT+5:30 6: webContents.destroyed web1
