12/22/2025, 5:49:20 PM GMT+5:30 0: 

----------------------------------------------
12/22/2025, 5:49:20 PM GMT+5:30 1: Discord starting: {"releaseChannel":"canary","version":"0.0.838"}, modulepath: /home/daman/.config/discordcanary/0.0.838/modules
12/22/2025, 5:49:20 PM GMT+5:30 2: ✅ webContents.created web1 ""
12/22/2025, 5:49:20 PM GMT+5:30 3: ✅ window.created win1 "discord-canary"
12/22/2025, 5:49:20 PM GMT+5:30 4: ✅ webContents.did-finish-load web1
12/22/2025, 5:49:36 PM GMT+5:30 5: ✅ webContents.created web2 ""
12/22/2025, 5:49:36 PM GMT+5:30 6: ✅ window.created win2 "Discord"
12/22/2025, 5:49:38 PM GMT+5:30 7: ✅ webContents.did-finish-load web2
12/22/2025, 5:49:39 PM GMT+5:30 8: window.close win1
12/22/2025, 5:49:39 PM GMT+5:30 9: webContents.destroyed web1
12/22/2025, 5:49:39 PM GMT+5:30 10: window.closed win1
12/22/2025, 9:02:12 PM GMT+5:30 11: window.close win2
12/23/2025, 3:10:49 AM GMT+5:30 12: before-quit
12/23/2025, 1:25:58 PM GMT+5:30 0: 

----------------------------------------------
12/23/2025, 1:25:58 PM GMT+5:30 1: Discord starting: {"releaseChannel":"canary","version":"0.0.838"}, modulepath: /home/daman/.config/discordcanary/0.0.838/modules
12/23/2025, 1:25:58 PM GMT+5:30 2: ✅ webContents.created web1 ""
12/23/2025, 1:25:58 PM GMT+5:30 3: ✅ window.created win1 "discord-canary"
12/23/2025, 1:25:58 PM GMT+5:30 4: ✅ webContents.did-finish-load web1
12/23/2025, 1:26:04 PM GMT+5:30 5: ✅ webContents.created web2 ""
12/23/2025, 1:26:04 PM GMT+5:30 6: ✅ window.created win2 "Discord"
12/23/2025, 1:26:06 PM GMT+5:30 7: ✅ webContents.did-finish-load web2
12/23/2025, 1:26:07 PM GMT+5:30 8: window.close win1
12/23/2025, 1:26:07 PM GMT+5:30 9: webContents.destroyed web1
12/23/2025, 1:26:07 PM GMT+5:30 10: window.closed win1
