12/7/2025, 11:09:27 PM GMT+5:30 [Modules] Modules initializing
12/7/2025, 11:09:27 PM GMT+5:30 [Modules] Distribution: remote
12/7/2025, 11:09:27 PM GMT+5:30 [Modules] Host updates: enabled
12/7/2025, 11:09:27 PM GMT+5:30 [Modules] Module updates: enabled
12/7/2025, 11:09:27 PM GMT+5:30 [Modules] Module install path: /home/daman/.config/discord/0.0.115/modules
12/7/2025, 11:09:27 PM GMT+5:30 [Modules] Module installed file path: /home/daman/.config/discord/0.0.115/modules/installed.json
12/7/2025, 11:09:27 PM GMT+5:30 [Modules] Module download path: /home/daman/.config/discord/0.0.115/modules/pending
12/7/2025, 11:09:27 PM GMT+5:30 [Modules] Bootstrapping...
12/7/2025, 11:09:27 PM GMT+5:30 [Modules] Installing discord_desktop_core@0 from /opt/discord/resources/bootstrap/discord_desktop_core.zip
12/7/2025, 11:09:27 PM GMT+5:30 [Modules] Failed installing discord_desktop_core@0: Error: ENOENT: no such file or directory, open '/opt/discord/resources/bootstrap/discord_desktop_core.zip'
12/7/2025, 11:09:27 PM GMT+5:30 [Modules] Installing discord_erlpack@0 from /opt/discord/resources/bootstrap/discord_erlpack.zip
12/7/2025, 11:09:27 PM GMT+5:30 [Modules] Failed installing discord_erlpack@0: Error: ENOENT: no such file or directory, open '/opt/discord/resources/bootstrap/discord_erlpack.zip'
12/7/2025, 11:09:27 PM GMT+5:30 [Modules] Installing discord_spellcheck@0 from /opt/discord/resources/bootstrap/discord_spellcheck.zip
12/7/2025, 11:09:27 PM GMT+5:30 [Modules] Failed installing discord_spellcheck@0: Error: ENOENT: no such file or directory, open '/opt/discord/resources/bootstrap/discord_spellcheck.zip'
12/7/2025, 11:09:27 PM GMT+5:30 [Modules] Installing discord_utils@0 from /opt/discord/resources/bootstrap/discord_utils.zip
12/7/2025, 11:09:27 PM GMT+5:30 [Modules] Failed installing discord_utils@0: Error: ENOENT: no such file or directory, open '/opt/discord/resources/bootstrap/discord_utils.zip'
12/7/2025, 11:09:27 PM GMT+5:30 [Modules] Installing discord_voice@0 from /opt/discord/resources/bootstrap/discord_voice.zip
12/7/2025, 11:09:27 PM GMT+5:30 [Modules] Failed installing discord_voice@0: Error: ENOENT: no such file or directory, open '/opt/discord/resources/bootstrap/discord_voice.zip'
12/7/2025, 11:09:27 PM GMT+5:30 [Modules] Installing discord_zstd@0 from /opt/discord/resources/bootstrap/discord_zstd.zip
12/7/2025, 11:09:27 PM GMT+5:30 [Modules] Failed installing discord_zstd@0: Error: ENOENT: no such file or directory, open '/opt/discord/resources/bootstrap/discord_zstd.zip'
12/7/2025, 11:09:27 PM GMT+5:30 [Modules] Finished module installations. [success: 0] [failure: 6]
12/7/2025, 11:09:27 PM GMT+5:30 [Modules] Checking for host updates.
12/7/2025, 11:09:28 PM GMT+5:30 [Modules] Host update is available. Manual update required!
12/7/2025, 11:09:48 PM GMT+5:30 [Modules] Modules initializing
12/7/2025, 11:09:48 PM GMT+5:30 [Modules] Distribution: remote
12/7/2025, 11:09:48 PM GMT+5:30 [Modules] Host updates: enabled
12/7/2025, 11:09:48 PM GMT+5:30 [Modules] Module updates: enabled
12/7/2025, 11:09:48 PM GMT+5:30 [Modules] Module install path: /home/daman/.config/discord/0.0.115/modules
12/7/2025, 11:09:48 PM GMT+5:30 [Modules] Module installed file path: /home/daman/.config/discord/0.0.115/modules/installed.json
12/7/2025, 11:09:48 PM GMT+5:30 [Modules] Module download path: /home/daman/.config/discord/0.0.115/modules/pending
12/7/2025, 11:09:49 PM GMT+5:30 [Modules] No updates to install
12/7/2025, 11:09:49 PM GMT+5:30 [Modules] Checking for host updates.
12/7/2025, 11:09:49 PM GMT+5:30 [Modules] Host update is available. Manual update required!
12/9/2025, 5:16:34 PM GMT+5:30 [Modules] Modules initializing
12/9/2025, 5:16:34 PM GMT+5:30 [Modules] Distribution: remote
12/9/2025, 5:16:34 PM GMT+5:30 [Modules] Host updates: enabled
12/9/2025, 5:16:34 PM GMT+5:30 [Modules] Module updates: enabled
12/9/2025, 5:16:34 PM GMT+5:30 [Modules] Module install path: /home/daman/.config/discord/0.0.115/modules
12/9/2025, 5:16:34 PM GMT+5:30 [Modules] Module installed file path: /home/daman/.config/discord/0.0.115/modules/installed.json
12/9/2025, 5:16:34 PM GMT+5:30 [Modules] Module download path: /home/daman/.config/discord/0.0.115/modules/pending
12/9/2025, 5:16:34 PM GMT+5:30 [Modules] No updates to install
12/9/2025, 5:16:34 PM GMT+5:30 [Modules] Checking for host updates.
12/9/2025, 5:16:34 PM GMT+5:30 [Modules] Host update is available. Manual update required!
12/10/2025, 9:38:34 AM GMT+5:30 [Modules] Modules initializing
12/10/2025, 9:38:34 AM GMT+5:30 [Modules] Distribution: remote
12/10/2025, 9:38:34 AM GMT+5:30 [Modules] Host updates: enabled
12/10/2025, 9:38:34 AM GMT+5:30 [Modules] Module updates: enabled
12/10/2025, 9:38:34 AM GMT+5:30 [Modules] Module install path: /home/daman/.config/discord/0.0.115/modules
12/10/2025, 9:38:34 AM GMT+5:30 [Modules] Module installed file path: /home/daman/.config/discord/0.0.115/modules/installed.json
12/10/2025, 9:38:34 AM GMT+5:30 [Modules] Module download path: /home/daman/.config/discord/0.0.115/modules/pending
12/10/2025, 9:38:35 AM GMT+5:30 [Modules] No updates to install
12/10/2025, 9:38:35 AM GMT+5:30 [Modules] Checking for host updates.
12/10/2025, 9:38:35 AM GMT+5:30 [Modules] Host update is available. Manual update required!
